2015-07-22 20:47:39,019 - log_manager - INFO - mean
2015-07-22 20:47:51,918 - log_manager - INFO - valence
2015-07-22 20:47:51,921 - log_manager - INFO - MSE: 2.64389906718, MAE: 1.31356359535, Pearson_r: (0.6201564397092123, 9.7571435763799135e-78), R2: 0.0994798190789, Spearman_r: (0.62377887594240877, 6.9343695557412629e-79), sqrt_MSE: 1.6260070932143906
2015-07-22 20:47:51,923 - log_manager - INFO - arousal
2015-07-22 20:47:51,925 - log_manager - INFO - MSE: 1.34665752008, MAE: 0.938799355091, Pearson_r: (0.32115536849286669, 9.7708594929064444e-19), R2: 0.0475805970027, Spearman_r: (0.29011918137098758, 1.9792508724477488e-15), sqrt_MSE: 1.1604557380939529
2015-07-22 20:47:51,927 - log_manager - INFO - tf_mean
2015-07-22 20:48:04,719 - log_manager - INFO - valence
2015-07-22 20:48:04,735 - log_manager - INFO - MSE: 2.84754657555, MAE: 1.35018373115, Pearson_r: (0.58441149042942431, 3.6196486929463054e-67), R2: 0.030116849305, Spearman_r: (0.58722291123104153, 5.9524291901753076e-68), sqrt_MSE: 1.6874675035551143
2015-07-22 20:48:04,738 - log_manager - INFO - arousal
2015-07-22 20:48:04,749 - log_manager - INFO - MSE: 1.39941716841, MAE: 0.951853709987, Pearson_r: (0.31077428251799322, 1.3807049680090489e-17), R2: 0.0102664974515, Spearman_r: (0.2700317272069287, 1.7002600716774742e-13), sqrt_MSE: 1.182969639680514
2015-07-22 20:48:04,751 - log_manager - INFO - tfidf_mean
2015-07-22 20:48:57,026 - log_manager - INFO - valence
2015-07-22 20:48:57,029 - log_manager - INFO - MSE: 2.57021178803, MAE: 1.27697865293, Pearson_r: (0.59253757760665404, 1.868685722706785e-69), R2: 0.124577933745, Spearman_r: (0.59081127885078932, 5.7923065177411931e-69), sqrt_MSE: 1.6031880076990637
2015-07-22 20:48:57,032 - log_manager - INFO - arousal
2015-07-22 20:48:57,050 - log_manager - INFO - MSE: 1.42720455261, MAE: 0.966084207205, Pearson_r: (0.31973572299098962, 1.4121975915727765e-18), R2: -0.00938604484753, Spearman_r: (0.28794132716121401, 3.2647217721086694e-15), sqrt_MSE: 1.1946566672525851
2015-07-22 20:48:57,053 - log_manager - INFO - geo
2015-07-22 20:49:09,976 - log_manager - INFO - valence
2015-07-22 20:49:09,979 - log_manager - INFO - MSE: 2.3045418925, MAE: 1.22933714707, Pearson_r: (0.62230253353893472, 2.0456457368709474e-78), R2: 0.215065919976, Spearman_r: (0.61805349309271529, 4.4574359289487487e-77), sqrt_MSE: 1.5180717679018867
2015-07-22 20:49:10,001 - log_manager - INFO - arousal
2015-07-22 20:49:10,003 - log_manager - INFO - MSE: 1.34404667231, MAE: 0.935143414249, Pearson_r: (0.30791042044131245, 2.8150986477833507e-17), R2: 0.0494271110807, Spearman_r: (0.27581679036241413, 4.8939990527460648e-14), sqrt_MSE: 1.1593302688668075
2015-07-22 20:49:10,005 - log_manager - INFO - tfidf_geo
2015-07-22 20:50:02,813 - log_manager - INFO - valence
2015-07-22 20:50:02,816 - log_manager - INFO - MSE: 2.34173594565, MAE: 1.21747315829, Pearson_r: (0.59295470477479839, 1.4202782493296459e-69), R2: 0.202397510698, Spearman_r: (0.5867960414458111, 7.8383060841074437e-68), sqrt_MSE: 1.530273160469801
2015-07-22 20:50:02,820 - log_manager - INFO - arousal
2015-07-22 20:50:02,823 - log_manager - INFO - MSE: 1.41903062136, MAE: 0.962501680136, Pearson_r: (0.30963170853521166, 1.8363008538582462e-17), R2: -0.00360505702875, Spearman_r: (0.27790700641240818, 3.0978599137049472e-14), sqrt_MSE: 1.191230717100083
2015-07-22 20:50:02,825 - log_manager - INFO - tf_geo
2015-07-22 20:50:15,764 - log_manager - INFO - valence
2015-07-22 20:50:15,787 - log_manager - INFO - MSE: 2.54051003893, MAE: 1.27358473874, Pearson_r: (0.59006166898114165, 9.4465582883082132e-69), R2: 0.134694441143, Spearman_r: (0.58550565042789204, 1.7966666597448344e-67), sqrt_MSE: 1.5938977504634733
2015-07-22 20:50:15,790 - log_manager - INFO - arousal
2015-07-22 20:50:15,793 - log_manager - INFO - MSE: 1.40079373561, MAE: 0.951169065007, Pearson_r: (0.29892950086710396, 2.4996830554852561e-16), R2: 0.00929292451487, Spearman_r: (0.25757647852139681, 2.2466252532387431e-12), sqrt_MSE: 1.183551323606953
2015-07-22 21:22:53,583 - log_manager - INFO - use extend lexicon
2015-07-22 21:22:53,616 - log_manager - INFO - mean
2015-07-22 21:23:14,804 - log_manager - INFO - valence
2015-07-22 21:23:14,808 - log_manager - INFO - MSE: 2.28957407113, MAE: 1.26505099631, Pearson_r: (0.61395709257900877, 8.317487590020637e-76), R2: 0.220164006123, Spearman_r: (0.63349443994688581, 4.844538843733889e-82), sqrt_MSE: 1.5131338576384945
2015-07-22 21:23:14,811 - log_manager - INFO - arousal
2015-07-22 21:23:14,814 - log_manager - INFO - MSE: 1.30929789586, MAE: 0.919246112732, Pearson_r: (0.29884867737280779, 2.5484183413530252e-16), R2: 0.0740030767068, Spearman_r: (0.27613441781045411, 4.5666090908698841e-14), sqrt_MSE: 1.1442455575000148
2015-07-22 21:23:14,816 - log_manager - INFO - tf_mean
2015-07-22 21:23:36,209 - log_manager - INFO - valence
2015-07-22 21:23:36,212 - log_manager - INFO - MSE: 2.44255921467, MAE: 1.29428470009, Pearson_r: (0.5347268026587344, 1.7236244905151655e-54), R2: 0.168056794148, Spearman_r: (0.56854979563544217, 6.9456284959919293e-63), sqrt_MSE: 1.5628689051445268
2015-07-22 21:23:36,227 - log_manager - INFO - arousal
2015-07-22 21:23:36,239 - log_manager - INFO - MSE: 1.34121802376, MAE: 0.924742032977, Pearson_r: (0.26762969315790136, 2.8268419257637577e-13), R2: 0.0514276640997, Spearman_r: (0.24777069649307826, 1.5596376181629131e-11), sqrt_MSE: 1.1581096769117016
2015-07-22 21:23:36,250 - log_manager - INFO - tfidf_mean
2015-07-22 21:25:10,621 - log_manager - INFO - valence
2015-07-22 21:25:10,624 - log_manager - INFO - MSE: 2.30483546429, MAE: 1.25437277115, Pearson_r: (0.55100890988617679, 2.0657076483149604e-58), R2: 0.214965928519, Spearman_r: (0.58759274893353153, 4.6880485149591567e-68), sqrt_MSE: 1.518168457151784
2015-07-22 21:25:10,628 - log_manager - INFO - arousal
2015-07-22 21:25:10,631 - log_manager - INFO - MSE: 1.34324076726, MAE: 0.926065703314, Pearson_r: (0.28522318008081099, 6.0600011546637548e-15), R2: 0.0499970849592, Spearman_r: (0.26828753146086076, 2.4606799861368749e-13), sqrt_MSE: 1.1589826432080619
2015-07-22 21:25:10,634 - log_manager - INFO - geo
2015-07-22 21:25:31,803 - log_manager - INFO - valence
2015-07-22 21:25:31,814 - log_manager - INFO - MSE: 2.12899188188, MAE: 1.23552090418, Pearson_r: (0.61943402548787374, 1.6463899746958322e-77), R2: 0.274858795312, Spearman_r: (0.63945848603317457, 4.9140968698009399e-84), sqrt_MSE: 1.4591065354800465
2015-07-22 21:25:31,818 - log_manager - INFO - arousal
2015-07-22 21:25:31,822 - log_manager - INFO - MSE: 1.30561463753, MAE: 0.91702866817, Pearson_r: (0.28755558213111637, 3.5657127152060485e-15), R2: 0.0766080498661, Spearman_r: (0.26480899926773749, 5.1021636914172399e-13), sqrt_MSE: 1.1426349537512321
2015-07-22 21:25:31,824 - log_manager - INFO - tfidf_geo
2015-07-22 21:27:06,146 - log_manager - INFO - valence
2015-07-22 21:27:06,150 - log_manager - INFO - MSE: 2.17261484961, MAE: 1.22912702794, Pearson_r: (0.55373753156044947, 4.3310013716614622e-59), R2: 0.260000677891, Spearman_r: (0.59024557724149052, 8.3793387103217925e-69), sqrt_MSE: 1.4739792568446528
2015-07-22 21:27:06,154 - log_manager - INFO - arousal
2015-07-22 21:27:06,157 - log_manager - INFO - MSE: 1.33540966509, MAE: 0.922648866976, Pearson_r: (0.2779392229881969, 3.0760076917370984e-14), R2: 0.0555356079624, Spearman_r: (0.26029393755750485, 1.2940871966465393e-12), sqrt_MSE: 1.1555992666529062
2015-07-22 21:27:06,159 - log_manager - INFO - tf_geo
2015-07-22 21:27:27,343 - log_manager - INFO - valence
2015-07-22 21:27:27,358 - log_manager - INFO - MSE: 2.28894883147, MAE: 1.26621291989, Pearson_r: (0.54036642812936386, 7.9879495999406697e-56), R2: 0.220376964679, Spearman_r: (0.57477649190870228, 1.5424296865289503e-64), sqrt_MSE: 1.5129272393195194
2015-07-22 21:27:27,362 - log_manager - INFO - arousal
2015-07-22 21:27:27,372 - log_manager - INFO - MSE: 1.33871331988, MAE: 0.923531636831, Pearson_r: (0.25897818211302415, 1.6916314360784848e-12), R2: 0.0531991082365, Spearman_r: (0.2383027443609676, 9.3715382852655989e-11), sqrt_MSE: 1.1570277956396418
2015-07-23 19:39:24,130 - log_manager - INFO - linear regression Explained variance score: 0.38
2015-07-23 19:39:24,152 - log_manager - INFO - MSE: 1.89150980226, MAE: 1.13981921319, Pearson_r: (0.62552186700729551, 5.2237725936332137e-17), R2: -0.352836210169, Spearman_r: (0.60460085064920366, 1.0211038642839116e-15), sqrt_MSE: 1.375321708639627
2015-07-23 19:39:24,175 - log_manager - INFO - linear regression Explained variance score: 0.10
2015-07-23 19:39:24,183 - log_manager - INFO - MSE: 1.2297613704, MAE: 0.899047103538, Pearson_r: (0.31103608190437709, 0.00014796288429990201), R2: -9.03943974841, Spearman_r: (0.24758512979235989, 0.0027729080152914666), sqrt_MSE: 1.1089460628899708
2015-07-27 14:37:24,475 - log_manager - INFO - linear regression Explained variance score: 0.33
2015-07-27 14:37:24,504 - log_manager - INFO - MSE: 2.05162273098, MAE: 1.19977359579, Pearson_r: (0.58672136429729949, 1.0960429769550314e-14), R2: -0.528774989988, Spearman_r: (0.58765388908598037, 9.719094594523793e-15), sqrt_MSE: 1.432348676467299
2015-07-27 14:37:24,514 - log_manager - INFO - linear regression Explained variance score: 0.12
2015-07-27 14:37:24,517 - log_manager - INFO - MSE: 1.19944362364, MAE: 0.887909326478, Pearson_r: (0.34710494287507365, 2.0238457554652023e-05), R2: -8.31912107899, Spearman_r: (0.2857496037149368, 0.00051700298110894422), sqrt_MSE: 1.0951911356642077
2015-07-27 14:51:31,090 - log_manager - INFO - linear regression Explained variance score: 0.12
2015-07-27 14:51:31,093 - log_manager - INFO - MSE: 2.70237685048, MAE: 1.40259034114, Pearson_r: (0.3639210547139099, 7.3353944962920879e-06), R2: -9.07722847893, Spearman_r: (0.31841146831173156, 0.00010050793484974527), sqrt_MSE: 1.6438907659818005
2015-07-27 14:51:31,098 - log_manager - INFO - linear regression Explained variance score: 0.07
2015-07-27 14:51:31,101 - log_manager - INFO - MSE: 1.25992975475, MAE: 0.90504818159, Pearson_r: (0.27301006158904489, 0.000930654302694963), R2: -10.7179807721, Spearman_r: (0.23762584955609764, 0.0041326629800114327), sqrt_MSE: 1.1224659258768799
